<?xml version="1.0" encoding="UTF-8"?>
<!-- Generated by org.testng.reporters.JUnitReportReporter -->
<testsuite hostname="sony-PC" failures="0" tests="8" name="com.bestbuy.BestBuy_Test01" time="455.641" errors="0" timestamp="2023-10-13T17:14:00 IST" skipped="2">
  <testcase classname="com.bestbuy.BestBuy_Test01" name="navigatingToWebsite" time="66.514"/>
  <system-out/>
  <testcase classname="com.bestbuy.BestBuy_Test01" name="validateTitleOfAllMenu" time="7.387"/>
  <system-out/>
  <testcase classname="com.bestbuy.BestBuy_Test01" name="validateBottomLinks" time="43.150"/>
  <system-out/>
  <testcase classname="com.bestbuy.BestBuy_Test01" name="shopByBrandMenu" time="199.057"/>
  <system-out/>
  <testcase classname="com.bestbuy.BestBuy_Test01" name="searchItemBar" time="67.578"/>
  <system-out/>
  <testcase classname="com.bestbuy.BestBuy_Test01" name="checkoutForm" time="71.955"/>
  <system-out/>
  <testcase classname="com.bestbuy.BestBuy_Test01" name="createAccountAndLogin">
    <skipped/>
  </testcase> <!-- createAccountAndLogin -->
  <system-out/>
  <testcase classname="com.bestbuy.BestBuy_Test01" name="shopByDeptMenu">
    <skipped/>
  </testcase> <!-- shopByDeptMenu -->
  <system-out/>
</testsuite> <!-- com.bestbuy.BestBuy_Test01 -->
