<?xml version="1.0" encoding="UTF-8"?>
<!-- Generated by org.testng.reporters.JUnitReportReporter -->
<testsuite hostname="sony-PC" failures="0" tests="2" name="com.bestuy.BestBuy_Test" time="91.681" errors="0" timestamp="2023-10-07T13:17:17 IST" skipped="0">
  <testcase classname="com.bestuy.BestBuy_Test" name="launchBrowser" time="15.784"/>
  <system-out/>
  <testcase classname="com.bestuy.BestBuy_Test" name="selectCountry" time="75.897"/>
  <system-out/>
</testsuite> <!-- com.bestuy.BestBuy_Test -->
